********************************************************************************
DUPLICATOR-LITE PACKAGE-LOG: 28.12.2020 13:26
NOTICE: Do NOT post to public sites or forums 
********************************************************************************
VERSION:	1.3.40.1
WORDPRESS:	5.5.3
PHP INFO:	7.4.8 | SAPI: apache2handler
SERVER:		Apache/2.4.10 (Unix) 
PHP TIME LIMIT: (0) no time limit imposed 
PHP MAX MEMORY: 4294967296 (268435456 default) 
MEMORY STACK: 6MB

********************************************************************************
DATABASE:
********************************************************************************
BUILD MODE:   MYSQLDUMP
MYSQLTIMEOUT: 5000
MYSQLDUMP:    Is Supported
SQL CREATED: 20201228_d0bad0bbd0b8d0bdd0b8d0bad0b0d0_964055e43dd9ada17746_20201228132609_database.sql
SQL FILE SIZE: 581.69KB (595652)
SQL FILE TIME: 2020-12-28 13:26:14
SQL RUNTIME: 0.11 sec.

********************************************************************************
ARCHIVE (ZIP):
********************************************************************************
ARCHIVE DIR:  /home/m/mrantog6/new.expert-massage-clinic.ru/public_html
ARCHIVE FILE: 20201228_d0bad0bbd0b8d0bdd0b8d0bad0b0d0_964055e43dd9ada17746_20201228132609_archive.zip
FILTERS: *OFF*
DIRS:
	not set
FILES:
	not set
EXTS:  not set
----------------------------------------
COMPRESSING
SIZE:	0B
STATS:	Dirs 0 | Files 0
SQL ADDED: 20201228_d0bad0bbd0b8d0bdd0b8d0bad0b0d0_964055e43dd9ada17746_20201228132609_database.sql
ZipArchive Object
(
    [status] => 0
    [statusSys] => 0
    [numFiles] => 1
    [filename] => /home/m/mrantog6/new.expert-massage-clinic.ru/public_html/wp-content/backups-dup-lite/tmp/20201228_d0bad0bbd0b8d0bdd0b8d0bad0b0d0_964055e43dd9ada17746_20201228132609_archive.zip
    [comment] => 
)

FILE ADDED TO ZIP: 0
[PHP ERR][NOTICE] MSG:ob_flush(): failed to flush buffer. No buffer to flush [CODE:8|FILE:/home/m/mrantog6/new.expert-massage-clinic.ru/public_html/wp-content/plugins/duplicator/classes/utilities/class.u.php|LINE:171]
do_action('wp_ajax_duplicator_package_build'), WP_Hook->do_action, WP_Hook->apply_filters, duplicator_package_build, DUP_Package->runZipBuild, DUP_Archive->build, DUP_Zip::create, DUP_Util::fcgiFlush, ob_flush, DUP_Handler::error, DUP_Handler::getMessage
COMPRESSION RESULT: '1'
COMPRESSED SIZE: 140.94KB
ARCHIVE RUNTIME: 0.05 sec.
MEMORY STACK: 6MB
building installer
add_extra_files1
add_extra_files2
add_extra_files3
add_extra_files4
Doing archive file check
add_extra_files5
add_extra_files6
add_extra_files8
Successfully opened zip /home/m/mrantog6/new.expert-massage-clinic.ru/public_html/wp-content/backups-dup-lite/tmp/20201228_d0bad0bbd0b8d0bdd0b8d0bad0b0d0_964055e43dd9ada17746_20201228132609_archive.zip
Adding enhanced installer files to archive using ZipArchive
Installer files added to archive
Added to archive
After ziparchive close when adding installer

********************************************************************************
INTEGRITY CHECKS:
********************************************************************************
SQL FILE: 581.69KB
INSTALLER FILE: 61.31KB
ARCHIVE FILE: 1.61MB 
EXPECTED FILE/DIRECTORY COUNT: 0
ACTUAL FILE/DIRECTORY COUNT: 0
ARCHIVE CONSISTENCY TEST: Pass

********************************************************************************
RECORD ID:[1]
TOTAL PROCESS RUNTIME: 0.49 sec.
PEAK PHP MEMORY USED: 8MB
DONE PROCESSING => 20201228_d0bad0bbd0b8d0bdd0b8d0bad0b0d0 28.12.2020 13:26

